<?xml version="1.0" encoding="UTF-8"?>
<!-- Generated by org.testng.reporters.JUnitReportReporter -->
<testsuite hostname="LAPTOP-V6FB1HFO" failures="0" tests="1" name="testcases.SigninTest" time="24.398" errors="0" timestamp="2023-06-12T09:07:35 IST" skipped="0">
  <testcase classname="testcases.SigninTest" name="signin_InValidCredential" time="24.398"/>
  <system-out/>
</testsuite> <!-- testcases.SigninTest -->
